<?xml version="1.0" ?>
<testsuites>
	<testsuite name="Kaop" hostname="platform" timestamp="2021-06-18T16:22:15.881432" tests="4" failures="0" failures_detail="H:0 M:0 L:0" errors="0" errors_detail="H:0 M:0 L:0" time="48.426239" skipped="0" disabled="0">
		<testcase name="登录锦福利后台" classname="LOG_IN" priority="H" time="6.937223"/>
		<testcase name="使用工号搜索员工信息" classname="FIL_001" priority="M" time="9.07021"/>
		<testcase name="筛选普通员工" classname="FIL_002" priority="H" time="16.800516"/>
		<testcase name="筛选普通员工" classname="FIL_002" priority="M" time="13.754034"/>
	</testsuite>
</testsuites>
