<?xml version="1.0" ?>
<testsuites>
	<testsuite name="Baidu" hostname="baidu" timestamp="2021-06-02T17:56:48.004644" tests="3" failures="1" failures_detail="H:1 M:0 L:0" errors="0" errors_detail="H:0 M:0 L:0" time="15.431843" skipped="0" disabled="0">
		<testcase name="搜索：自动化测试" classname="BAIDU_001" priority="H" time="4.157017">
			<failure type="Failure" message="step-3|CHECK|通用-页面title: Check Failure, DATA:自动化测试_百度搜索, REAL:百度一下，你就知道"/>
		</testcase>
		<testcase name="搜索：搜狗" classname="BAIDU_002" priority="M" time="4.522614"/>
		<testcase name="搜索：&lt;测试数据&gt;" classname="BAIDU_005" priority="M" time="5.394638"/>
	</testsuite>
</testsuites>
