2021-06-02 17:56:48,004 [INFO]: #  From Excel import testsuite success
2021-06-02 17:56:49,362 [INFO]: #  *** SETUP testcase ↓ ***
2021-06-02 17:56:49,362 [INFO]: #  --------------------------------------------------
2021-06-02 17:56:49,363 [INFO]: #  >>> Run the TestCase: HOME_001|打开百度
2021-06-02 17:56:49,363 [INFO]: #  --------------------------------------------------
2021-06-02 17:56:49,364 [INFO]: #  Run the Step: 1|通用|OPEN|通用-百度搜索链接
2021-06-02 17:56:51,109 [INFO]: #  >>>>>>>>>>>>>>>>>>>> success <<<<<<<<<<<<<<<<<<<<
2021-06-02 17:56:51,318 [INFO]: #  Run the Step: 2|百度搜索页面|CHECK|通用-页面title
2021-06-02 17:56:51,318 [INFO]: #  DATA:'百度一下，你就知道'
2021-06-02 17:56:51,318 [INFO]: #  REAL:'百度一下，你就知道'
2021-06-02 17:56:51,333 [INFO]: #  >>>>>>>>>>>>>>>>>>>> success <<<<<<<<<<<<<<<<<<<<
2021-06-02 17:56:51,533 [INFO]: #  --------------------------------------------------
2021-06-02 17:56:51,533 [INFO]: #  >>> Run the TestCase: BAIDU_001|搜索：自动化测试
2021-06-02 17:56:51,534 [INFO]: #  --------------------------------------------------
2021-06-02 17:56:51,535 [INFO]: #  Run the Step: 1|百度搜索页面|INPUT|百度搜索页面-搜索框
2021-06-02 17:56:52,224 [INFO]: #  >>>>>>>>>>>>>>>>>>>> success <<<<<<<<<<<<<<<<<<<<
2021-06-02 17:56:52,439 [INFO]: #  Run the Step: 2|百度搜索页面|CLICK|百度搜索页面-搜索按钮
2021-06-02 17:56:53,054 [INFO]: #  >>>>>>>>>>>>>>>>>>>> success <<<<<<<<<<<<<<<<<<<<
2021-06-02 17:56:53,262 [INFO]: #  Run the Step: 3|百度搜索页面|CHECK|通用-页面title
2021-06-02 17:56:53,262 [INFO]: #  DATA:'自动化测试_百度搜索'
2021-06-02 17:56:53,262 [INFO]: #  REAL:'百度一下，你就知道'
2021-06-02 17:56:53,449 [ERROR]: #  Exception:
Traceback (most recent call last):
  File "D:\Program Files\Python38\lib\site-packages\sweetest\keywords\web.py", line 24, in title
    assert data['text'] == g.driver.title
AssertionError

During handling of the above exception, another exception occurred:

Traceback (most recent call last):
  File "D:\Program Files\Python38\lib\site-packages\sweetest\testcase.py", line 152, in run
    element = getattr(web, step['keyword'].lower())(step)
  File "D:\Program Files\Python38\lib\site-packages\sweetest\keywords\web.py", line 94, in check
    var[by] = getattr(Common, by)(data, output)
  File "D:\Program Files\Python38\lib\site-packages\sweetest\keywords\web.py", line 26, in title
    raise Exception(f'Check Failure, DATA:{data["text"]}, REAL:{g.driver.title}')
Exception: Check Failure, DATA:自动化测试_百度搜索, REAL:百度一下，你就知道
2021-06-02 17:56:53,518 [ERROR]: #  >>>>>>>>>>>>>>>>>>>> failure <<<<<<<<<<<<<<<<<<<<
2021-06-02 17:56:53,519 [INFO]: #  *** SETUP testcase ↓ ***
2021-06-02 17:56:53,519 [INFO]: #  --------------------------------------------------
2021-06-02 17:56:53,520 [INFO]: #  >>> Run the TestCase: HOME_001|打开百度
2021-06-02 17:56:53,520 [INFO]: #  --------------------------------------------------
2021-06-02 17:56:53,520 [INFO]: #  Run the Step: 1|百度搜索页面|OPEN|通用-百度搜索链接
2021-06-02 17:56:54,253 [INFO]: #  >>>>>>>>>>>>>>>>>>>> success <<<<<<<<<<<<<<<<<<<<
2021-06-02 17:56:54,463 [INFO]: #  Run the Step: 2|百度搜索页面|CHECK|通用-页面title
2021-06-02 17:56:54,464 [INFO]: #  DATA:'百度一下，你就知道'
2021-06-02 17:56:54,464 [INFO]: #  REAL:'百度一下，你就知道'
2021-06-02 17:56:54,464 [INFO]: #  >>>>>>>>>>>>>>>>>>>> success <<<<<<<<<<<<<<<<<<<<
2021-06-02 17:56:54,675 [INFO]: #  --------------------------------------------------
2021-06-02 17:56:54,675 [INFO]: #  >>> Run the TestCase: BAIDU_002|搜索：搜狗
2021-06-02 17:56:54,675 [INFO]: #  --------------------------------------------------
2021-06-02 17:56:54,675 [INFO]: #  Run the Step: 1|用例片段|EXECUTE|SNIPPET_001
2021-06-02 17:56:54,675 [INFO]: #  >>> Run the TestCase: SNIPPET_001|搜索：<keywords>
2021-06-02 17:56:54,675 [INFO]: #  --------------------------------------------------
2021-06-02 17:56:54,675 [INFO]: #  Run the Step: 1|百度搜索页面|INPUT|百度搜索页面-搜索框
2021-06-02 17:56:55,321 [INFO]: #  >>>>>>>>>>>>>>>>>>>> success <<<<<<<<<<<<<<<<<<<<
2021-06-02 17:56:55,534 [INFO]: #  Run the Step: 2|百度搜索页面|CLICK|百度搜索页面-搜索按钮
2021-06-02 17:56:56,127 [INFO]: #  >>>>>>>>>>>>>>>>>>>> success <<<<<<<<<<<<<<<<<<<<
2021-06-02 17:56:56,329 [INFO]: #  Run the Step: 3|百度搜索页面|CHECK|通用-页面title
2021-06-02 17:56:56,336 [INFO]: #  DATA:'搜狗_百度搜索'
2021-06-02 17:56:56,389 [INFO]: #  REAL:'搜狗_百度搜索'
2021-06-02 17:56:56,520 [INFO]: #  >>>>>>>>>>>>>>>>>>>> success <<<<<<<<<<<<<<<<<<<<
2021-06-02 17:56:56,735 [INFO]: #  >>>>>>>>>>>>>>>>>>>> success <<<<<<<<<<<<<<<<<<<<
2021-06-02 17:56:56,945 [INFO]: #  Run the Step: 2|百度搜索页面|CLICK|百度搜索页面-搜索结果#1
2021-06-02 17:56:57,604 [INFO]: #  >>>>>>>>>>>>>>>>>>>> success <<<<<<<<<<<<<<<<<<<<
2021-06-02 17:56:57,810 [INFO]: #  Run the Step: 3|百度搜索页面|CHECK|通用-页面title
2021-06-02 17:56:57,814 [INFO]: #  DATA:'搜狗搜索引擎 - 上网从搜狗开始'
2021-06-02 17:56:57,820 [INFO]: #  REAL:'搜狗搜索引擎 - 上网从搜狗开始'
2021-06-02 17:56:57,827 [INFO]: #  >>>>>>>>>>>>>>>>>>>> success <<<<<<<<<<<<<<<<<<<<
2021-06-02 17:56:58,041 [INFO]: #  *** SETUP testcase ↓ ***
2021-06-02 17:56:58,041 [INFO]: #  --------------------------------------------------
2021-06-02 17:56:58,042 [INFO]: #  >>> Run the TestCase: HOME_001|打开百度
2021-06-02 17:56:58,042 [INFO]: #  --------------------------------------------------
2021-06-02 17:56:58,043 [INFO]: #  Run the Step: 1|通用|OPEN|通用-百度搜索链接
2021-06-02 17:56:59,008 [INFO]: #  >>>>>>>>>>>>>>>>>>>> success <<<<<<<<<<<<<<<<<<<<
2021-06-02 17:56:59,217 [INFO]: #  Run the Step: 2|百度搜索页面|CHECK|通用-页面title
2021-06-02 17:56:59,217 [INFO]: #  DATA:'百度一下，你就知道'
2021-06-02 17:56:59,217 [INFO]: #  REAL:'百度一下，你就知道'
2021-06-02 17:56:59,233 [INFO]: #  >>>>>>>>>>>>>>>>>>>> success <<<<<<<<<<<<<<<<<<<<
2021-06-02 17:56:59,445 [INFO]: #  --------------------------------------------------
2021-06-02 17:56:59,445 [INFO]: #  >>> Run the TestCase: BAIDU_005|搜索：<测试数据>
2021-06-02 17:56:59,446 [INFO]: #  --------------------------------------------------
2021-06-02 17:56:59,447 [INFO]: #  Run the Step: 1|用例片段|EXECUTE|SNIPPET_001*2
2021-06-02 17:56:59,447 [INFO]: #  >>> Run the TestCase: SNIPPET_001|搜索：<keywords>
2021-06-02 17:56:59,448 [INFO]: #  --------------------------------------------------
2021-06-02 17:56:59,448 [INFO]: #  Run the Step: 1|百度搜索页面|INPUT|百度搜索页面-搜索框
2021-06-02 17:57:00,157 [INFO]: #  >>>>>>>>>>>>>>>>>>>> success <<<<<<<<<<<<<<<<<<<<
2021-06-02 17:57:00,366 [INFO]: #  Run the Step: 2|百度搜索页面|CLICK|百度搜索页面-搜索按钮
2021-06-02 17:57:00,982 [INFO]: #  >>>>>>>>>>>>>>>>>>>> success <<<<<<<<<<<<<<<<<<<<
2021-06-02 17:57:01,191 [INFO]: #  Run the Step: 3|百度搜索页面|CHECK|通用-页面title
2021-06-02 17:57:01,191 [INFO]: #  DATA:'segmentfault_百度搜索'
2021-06-02 17:57:01,191 [INFO]: #  REAL:'segmentfault_百度搜索'
2021-06-02 17:57:01,191 [INFO]: #  >>>>>>>>>>>>>>>>>>>> success <<<<<<<<<<<<<<<<<<<<
2021-06-02 17:57:01,400 [INFO]: #  >>> Run the TestCase: SNIPPET_001|搜索：<keywords>
2021-06-02 17:57:01,400 [INFO]: #  --------------------------------------------------
2021-06-02 17:57:01,400 [INFO]: #  Run the Step: 1|百度搜索页面|INPUT|百度搜索页面-搜索框
2021-06-02 17:57:02,004 [INFO]: #  >>>>>>>>>>>>>>>>>>>> success <<<<<<<<<<<<<<<<<<<<
2021-06-02 17:57:02,207 [INFO]: #  Run the Step: 2|百度搜索页面|CLICK|百度搜索页面-搜索按钮
2021-06-02 17:57:02,784 [INFO]: #  >>>>>>>>>>>>>>>>>>>> success <<<<<<<<<<<<<<<<<<<<
2021-06-02 17:57:02,991 [INFO]: #  Run the Step: 3|百度搜索页面|CHECK|通用-页面title
2021-06-02 17:57:02,991 [INFO]: #  DATA:'豆瓣_百度搜索'
2021-06-02 17:57:02,991 [INFO]: #  REAL:'豆瓣_百度搜索'
2021-06-02 17:57:02,991 [INFO]: #  >>>>>>>>>>>>>>>>>>>> success <<<<<<<<<<<<<<<<<<<<
2021-06-02 17:57:03,221 [INFO]: #  >>>>>>>>>>>>>>>>>>>> success <<<<<<<<<<<<<<<<<<<<
2021-06-02 17:57:05,532 [INFO]: #  --- Quit th Driver: Chrome
